Drill report for MiniSumoSTM.kicad_pcb
Created on 2025-10-26T18:07:19+0100

Copper Layer Stackup:
    =============================================================
    L1 :  F.Cu                      front
    L2 :  B.Cu                      back


Drill file 'MiniSumoSTM.drl' contains
    plated through holes:
    =============================================================
    T1  0.300mm  0.0118"  (486 holes)
    T2  0.400mm  0.0157"  (74 holes)
    T3  0.500mm  0.0197"  (2 holes)  (with 2 slots)
    T4  0.550mm  0.0217"  (2 holes)  (with 2 slots)
    T5  1.000mm  0.0394"  (41 holes)
    T6  1.600mm  0.0630"  (1 hole)

    Total plated holes count 606


Not plated through holes are merged with plated holes
    unplated through holes:
    =============================================================

    Total unplated holes count 0
